[2023-11-21 21:38:39,020:Database.py#L54:INFO]: Stopping cluster.
=========================================
Successfully stopped cluster.
=========================================
End stop cluster.
Starting cluster.
=========================================
[SUCCESS] opengauss1
[BACKEND] WARNING: The parameter logging_collector is set to off. The log will not be recorded to file. Please check any error manually.
=========================================
Successfully started.

[2023-11-21 21:38:46,758:Database.py#L54:INFO]: Stopping cluster.
=========================================
Successfully stopped cluster.
=========================================
End stop cluster.
Starting cluster.
=========================================
[SUCCESS] opengauss1
[BACKEND] WARNING: The parameter logging_collector is set to off. The log will not be recorded to file. Please check any error manually.
=========================================
Successfully started.

[2023-11-21 21:40:01,780:Database.py#L54:INFO]: Stopping cluster.
=========================================
Successfully stopped cluster.
=========================================
End stop cluster.
Starting cluster.
=========================================
[SUCCESS] opengauss1
[BACKEND] WARNING: The parameter logging_collector is set to off. The log will not be recorded to file. Please check any error manually.
=========================================
Successfully started.

[2023-11-21 21:40:22,788:Database.py#L54:INFO]: Stopping cluster.
=========================================
Successfully stopped cluster.
=========================================
End stop cluster.
Starting cluster.
=========================================
[SUCCESS] opengauss1
[BACKEND] WARNING: The parameter logging_collector is set to off. The log will not be recorded to file. Please check any error manually.
=========================================
Successfully started.

[2023-11-21 21:41:34,301:Database.py#L54:INFO]: Stopping cluster.
=========================================
Successfully stopped cluster.
=========================================
End stop cluster.
Starting cluster.
=========================================
[SUCCESS] opengauss1
[BACKEND] WARNING: The parameter logging_collector is set to off. The log will not be recorded to file. Please check any error manually.
=========================================
Successfully started.

