[2023-12-03 19:12:35,641:Database.py#L54:INFO]: Stopping cluster.
=========================================
Successfully stopped cluster.
=========================================
End stop cluster.
Starting cluster.
=========================================
[SUCCESS] opengauss1
[BACKEND] WARNING: The parameter logging_collector is set to off. The log will not be recorded to file. Please check any error manually.
=========================================
Successfully started.

[2023-12-03 19:12:45,842:Database.py#L54:INFO]: Stopping cluster.
=========================================
Successfully stopped cluster.
=========================================
End stop cluster.
Starting cluster.
=========================================
[SUCCESS] opengauss1
[BACKEND] WARNING: The parameter logging_collector is set to off. The log will not be recorded to file. Please check any error manually.
=========================================
Successfully started.

[2023-12-03 19:14:00,646:Database.py#L54:INFO]: Stopping cluster.
=========================================
Successfully stopped cluster.
=========================================
End stop cluster.
Starting cluster.
=========================================
[SUCCESS] opengauss1
[BACKEND] WARNING: The parameter logging_collector is set to off. The log will not be recorded to file. Please check any error manually.
=========================================
Successfully started.

[2023-12-03 19:14:23,514:Database.py#L54:INFO]: Stopping cluster.
=========================================
Successfully stopped cluster.
=========================================
End stop cluster.
Starting cluster.
=========================================
[SUCCESS] opengauss1
[BACKEND] WARNING: The parameter logging_collector is set to off. The log will not be recorded to file. Please check any error manually.
=========================================
Successfully started.

