[2023-12-03 19:41:26,862:Database.py#L54:INFO]: Stopping cluster.
=========================================
Successfully stopped cluster.
=========================================
End stop cluster.
Starting cluster.
=========================================
[SUCCESS] opengauss1
[BACKEND] WARNING: The parameter logging_collector is set to off. The log will not be recorded to file. Please check any error manually.
=========================================
Successfully started.

[2023-12-03 19:41:38,860:Database.py#L54:INFO]: Stopping cluster.
=========================================
Successfully stopped cluster.
=========================================
End stop cluster.
Starting cluster.
=========================================
[SUCCESS] opengauss1
[BACKEND] WARNING: The parameter logging_collector is set to off. The log will not be recorded to file. Please check any error manually.
=========================================
Successfully started.

[2023-12-03 19:42:53,750:Database.py#L54:INFO]: Stopping cluster.
=========================================
Successfully stopped cluster.
=========================================
End stop cluster.
Starting cluster.
=========================================
[SUCCESS] opengauss1
[BACKEND] WARNING: The parameter logging_collector is set to off. The log will not be recorded to file. Please check any error manually.
=========================================
Successfully started.

[2023-12-03 19:43:16,469:Database.py#L54:INFO]: Stopping cluster.
=========================================
Successfully stopped cluster.
=========================================
End stop cluster.
Starting cluster.
=========================================
[SUCCESS] opengauss1
[BACKEND] WARNING: The parameter logging_collector is set to off. The log will not be recorded to file. Please check any error manually.
=========================================
Successfully started.

